[debug] > Exec(--conf "spark.driver.extraJavaOptions=-Dlog4jspark.root.logger=WARN,console", None, None)
[error] Expected symbol
[error] Not a valid command: --
[error] Expected 'debug'
[error] Expected 'info'
[error] Expected 'warn'
[error] Expected 'error'
[error] Expected 'addPluginSbtFile'
[error] --conf "spark.driver.extraJavaOptions=-Dlog4jspark.root.logger=WARN,console"
[error]   ^
[debug] > Exec(idea-shell, None, None)
[debug] > Exec(, None, None)
[debug] > Exec(idea-shell, None, None)
[debug] > Exec(, None, None)
[debug] > Exec(idea-shell, None, None)
[debug] > Exec(, None, None)
[debug] > Exec(idea-shell, None, None)
[debug] > Exec(, None, None)
[debug] > Exec(idea-shell, None, None)
[debug] > Exec(, None, None)
[debug] > Exec(idea-shell, None, None)
